<?xml version="1.0" encoding="UTF-8"?>
<!-- Generated by org.testng.reporters.JUnitReportReporter -->
<testsuite name="org.test.testScripts.TC2" tests="1" time="0.721" ignored="0" failures="0" timestamp="06 Mar 2022 14:39:29 GMT" skipped="0" hostname="DESKTOP-ECOJLVP" errors="0">
  <testcase name="testcase2" time="0.721" classname="org.test.testScripts.TC2"/>
</testsuite> <!-- org.test.testScripts.TC2 -->
