<?xml version="1.0" encoding="UTF-8"?>
<!-- Generated by org.testng.reporters.JUnitReportReporter -->
<testsuite name="org.test.testScripts.TC1_Get_Assignment" tests="1" time="3.311" ignored="0" failures="0" timestamp="06 Mar 2022 15:14:59 GMT" skipped="0" hostname="DESKTOP-ECOJLVP" errors="0">
  <testcase name="testcase1" time="3.311" classname="org.test.testScripts.TC1_Get_Assignment"/>
</testsuite> <!-- org.test.testScripts.TC1_Get_Assignment -->
