<?xml version="1.0" encoding="UTF-8"?>
<!-- Generated by org.testng.reporters.JUnitReportReporter -->
<testsuite name="org.test.testScripts.Assignment1_GetAll" tests="1" time="3.540" ignored="0" failures="0" timestamp="06 Mar 2022 20:50:28 GMT" skipped="0" hostname="DESKTOP-ECOJLVP" errors="0">
  <testcase name="testCase5put" time="3.540" classname="org.test.testScripts.Assignment1_GetAll"/>
</testsuite> <!-- org.test.testScripts.Assignment1_GetAll -->
